Determining if the pthread_create exist failed with the following output:
Change Dir: /mnt/d/Documents/MSU/cse331/Project/std/tests/CMakeFiles/CMakeTmp

Run Build Command:/usr/bin/make "cmTryCompileExec1673000301/fast"
make[2]: Entering directory `/mnt/d/Documents/MSU/cse331/Project/std/tests/CMakeFiles/CMakeTmp'
/usr/bin/make -f CMakeFiles/cmTryCompileExec1673000301.dir/build.make CMakeFiles/cmTryCompileExec1673000301.dir/build
make[3]: Entering directory `/mnt/d/Documents/MSU/cse331/Project/std/tests/CMakeFiles/CMakeTmp'
/usr/bin/cmake -E cmake_progress_report /mnt/d/Documents/MSU/cse331/Project/std/tests/CMakeFiles/CMakeTmp/CMakeFiles 1
Building C object CMakeFiles/cmTryCompileExec1673000301.dir/CheckSymbolExists.c.o
/usr/bin/cc    -o CMakeFiles/cmTryCompileExec1673000301.dir/CheckSymbolExists.c.o   -c /mnt/d/Documents/MSU/cse331/Project/std/tests/CMakeFiles/CMakeTmp/CheckSymbolExists.c
Linking C executable cmTryCompileExec1673000301
/usr/bin/cmake -E cmake_link_script CMakeFiles/cmTryCompileExec1673000301.dir/link.txt --verbose=1
/usr/bin/cc       CMakeFiles/cmTryCompileExec1673000301.dir/CheckSymbolExists.c.o  -o cmTryCompileExec1673000301 -rdynamic 
CMakeFiles/cmTryCompileExec1673000301.dir/CheckSymbolExists.c.o: In function `main':
CheckSymbolExists.c:(.text+0x16): undefined reference to `pthread_create'
collect2: error: ld returned 1 exit status
make[3]: *** [cmTryCompileExec1673000301] Error 1
make[3]: Leaving directory `/mnt/d/Documents/MSU/cse331/Project/std/tests/CMakeFiles/CMakeTmp'
make[2]: *** [cmTryCompileExec1673000301/fast] Error 2
make[2]: Leaving directory `/mnt/d/Documents/MSU/cse331/Project/std/tests/CMakeFiles/CMakeTmp'

File /mnt/d/Documents/MSU/cse331/Project/std/tests/CMakeFiles/CMakeTmp/CheckSymbolExists.c:
/* */
#include <pthread.h>

int main(int argc, char** argv)
{
  (void)argv;
#ifndef pthread_create
  return ((int*)(&pthread_create))[argc];
#else
  (void)argc;
  return 0;
#endif
}

Determining if the function pthread_create exists in the pthreads failed with the following output:
Change Dir: /mnt/d/Documents/MSU/cse331/Project/std/tests/CMakeFiles/CMakeTmp

Run Build Command:/usr/bin/make "cmTryCompileExec3465538047/fast"
make[2]: Entering directory `/mnt/d/Documents/MSU/cse331/Project/std/tests/CMakeFiles/CMakeTmp'
/usr/bin/make -f CMakeFiles/cmTryCompileExec3465538047.dir/build.make CMakeFiles/cmTryCompileExec3465538047.dir/build
make[3]: Entering directory `/mnt/d/Documents/MSU/cse331/Project/std/tests/CMakeFiles/CMakeTmp'
/usr/bin/cmake -E cmake_progress_report /mnt/d/Documents/MSU/cse331/Project/std/tests/CMakeFiles/CMakeTmp/CMakeFiles 1
Building C object CMakeFiles/cmTryCompileExec3465538047.dir/CheckFunctionExists.c.o
/usr/bin/cc   -DCHECK_FUNCTION_EXISTS=pthread_create   -o CMakeFiles/cmTryCompileExec3465538047.dir/CheckFunctionExists.c.o   -c /usr/share/cmake-2.8/Modules/CheckFunctionExists.c
Linking C executable cmTryCompileExec3465538047
/usr/bin/cmake -E cmake_link_script CMakeFiles/cmTryCompileExec3465538047.dir/link.txt --verbose=1
/usr/bin/cc   -DCHECK_FUNCTION_EXISTS=pthread_create    CMakeFiles/cmTryCompileExec3465538047.dir/CheckFunctionExists.c.o  -o cmTryCompileExec3465538047 -rdynamic -lpthreads 
/usr/bin/ld: cannot find -lpthreads
collect2: error: ld returned 1 exit status
make[3]: Leaving directory `/mnt/d/Documents/MSU/cse331/Project/std/tests/CMakeFiles/CMakeTmp'
make[3]: *** [cmTryCompileExec3465538047] Error 1
make[2]: Leaving directory `/mnt/d/Documents/MSU/cse331/Project/std/tests/CMakeFiles/CMakeTmp'
make[2]: *** [cmTryCompileExec3465538047/fast] Error 2


